Using pre-set license

 COMMAND LINE ARGUMENTS:
/Applications/Unity/Hub/Editor/2020.2.1f1/Unity.app/Contents/MacOS/Unity
-adb2
-batchMode
-noUpm
-name
AssetImportWorker0
-projectPath
/Users/KevinHu/Desktop/vrspike/game
-logFile
Logs/AssetImportWorker0.log
-srvPort
64324
Successfully changed project path to: /Users/KevinHu/Desktop/vrspike/game
/Users/KevinHu/Desktop/vrspike/game
Using Asset Import Pipeline V2.
Refreshing native plugins compatible for Editor in 94.69 ms, found 2 plugins.
Preloading 1 native plugins for Editor in 19.90 ms.
Initialize engine version: 2020.2.1f1 (270dd8c3da1c)
[Subsystems] Discovering subsystems at path /Applications/Unity/Hub/Editor/2020.2.1f1/Unity.app/Contents/Resources/UnitySubsystems
[Subsystems] Discovering subsystems at path /Users/KevinHu/Desktop/vrspike/game/Assets
GfxDevice: creating device client; threaded=0
2021-01-16 04:48:18.740 Unity[34147:1060877] Color LCD preferred device: AMD Radeon Pro 5300M (high power)
2021-01-16 04:48:18.740 Unity[34147:1060877] Metal devices available: 2
2021-01-16 04:48:18.740 Unity[34147:1060877] 0: AMD Radeon Pro 5300M (high power)
2021-01-16 04:48:18.741 Unity[34147:1060877] 1: Intel(R) UHD Graphics 630 (low power)
2021-01-16 04:48:18.741 Unity[34147:1060877] Using device AMD Radeon Pro 5300M (high power)
Initializing Metal device caps: AMD Radeon Pro 5300M
Initialize mono
Mono path[0] = '/Applications/Unity/Hub/Editor/2020.2.1f1/Unity.app/Contents/Managed'
Mono path[1] = '/Applications/Unity/Hub/Editor/2020.2.1f1/Unity.app/Contents/MonoBleedingEdge/lib/mono/unityjit'
Mono config path = '/Applications/Unity/Hub/Editor/2020.2.1f1/Unity.app/Contents/MonoBleedingEdge/etc'
Using monoOptions --debugger-agent=transport=dt_socket,embedding=1,server=y,suspend=n,address=127.0.0.1:56147
Begin MonoManager ReloadAssembly
Registering precompiled unity dll's ...
Register platform support module: /Applications/Unity/Hub/Editor/2020.2.1f1/PlaybackEngines/WebGLSupport/UnityEditor.WebGL.Extensions.dll
Register platform support module: /Applications/Unity/Hub/Editor/2020.2.1f1/Unity.app/Contents/PlaybackEngines/MacStandaloneSupport/UnityEditor.OSXStandalone.Extensions.dll
Register platform support module: /Applications/Unity/Hub/Editor/2020.2.1f1/PlaybackEngines/WindowsStandaloneSupport/UnityEditor.WindowsStandalone.Extensions.dll
Register platform support module: /Applications/Unity/Hub/Editor/2020.2.1f1/PlaybackEngines/LinuxStandaloneSupport/UnityEditor.LinuxStandalone.Extensions.dll
Register platform support module: /Applications/Unity/Hub/Editor/2020.2.1f1/PlaybackEngines/LuminSupport/UnityEditor.Lumin.Extensions.dll
Registered in 0.004430 seconds.
Native extension for Lumin target not found
Native extension for LinuxStandalone target not found
Native extension for WindowsStandalone target not found
Native extension for OSXStandalone target not found
Native extension for WebGL target not found
Refreshing native plugins compatible for Editor in 65.58 ms, found 2 plugins.
Preloading 1 native plugins for Editor in 0.50 ms.
Invoked RoslynAnalysisRunner static constructor.
RoslynAnalysisRunner will not be running.
RoslynAnalysisRunner has terminated.
Mono: successfully reloaded assembly
- Completed reload, in  3.107 seconds
Platform modules already initialized, skipping
Registering precompiled user dll's ...
Registered in 0.006518 seconds.
Begin MonoManager ReloadAssembly
Native extension for Lumin target not found
Native extension for LinuxStandalone target not found
Native extension for WindowsStandalone target not found
Native extension for OSXStandalone target not found
Native extension for WebGL target not found
Refreshing native plugins compatible for Editor in 96.84 ms, found 2 plugins.
Preloading 1 native plugins for Editor in 0.67 ms.
Invoked RoslynAnalysisRunner static constructor.
RoslynAnalysisRunner will not be running.
RoslynAnalysisRunner has terminated.
Mono: successfully reloaded assembly
- Completed reload, in  2.149 seconds
Platform modules already initialized, skipping
========================================================================
Worker process is ready to serve import requests
Launching external process: /Applications/Unity/Hub/Editor/2020.2.1f1/Unity.app/Contents/Tools/UnityShaderCompiler
Launched and connected shader compiler UnityShaderCompiler after 0.02 seconds
Refreshing native plugins compatible for Editor in 0.88 ms, found 2 plugins.
Preloading 1 native plugins for Editor in 0.55 ms.
Unloading 2998 Unused Serialized files (Serialized files now loaded: 0)
System memory in use before: 225.4 MB.
System memory in use after: 224.3 MB.

Unloading 421 unused Assets to reduce memory usage. Loaded Objects now: 3369.
Total: 4.750806 ms (FindLiveObjects: 0.494051 ms CreateObjectMapping: 0.270000 ms MarkObjects: 2.756348 ms  DeleteObjects: 1.228859 ms)

========================================================================
Received Import Request.
  path: Assets/Scenes/MainScene.unity
  artifactKey: Guid(d38d849ca281b6c419f19339d512b765) Importer(815301076,1909f56bfc062723c751e8b465ee728b)
Start importing Assets/Scenes/MainScene.unity using Guid(d38d849ca281b6c419f19339d512b765) Importer(815301076,1909f56bfc062723c751e8b465ee728b)  -> (artifact id: '3e29a8cd9a1aa21a8ceda7e4089b3014') in 0.016579 seconds
  Import took 0.022484 seconds .

========================================================================
Received Import Request.
  Time since last request: 0.000208 seconds.
  path: Assets/Microsoft_APIs
  artifactKey: Guid(bd2bc4281baa4404c8fde010fcb1d61b) Importer(815301076,1909f56bfc062723c751e8b465ee728b)
Start importing Assets/Microsoft_APIs using Guid(bd2bc4281baa4404c8fde010fcb1d61b) Importer(815301076,1909f56bfc062723c751e8b465ee728b)  -> (artifact id: 'dc4bac53914821c6aeb4f4e644d25662') in 0.000998 seconds
  Import took 0.005623 seconds .

========================================================================
Received Import Request.
  Time since last request: 0.000196 seconds.
  path: Assets/Scenes
  artifactKey: Guid(2767e79b6541245f89329d4d6b83819d) Importer(815301076,1909f56bfc062723c751e8b465ee728b)
Start importing Assets/Scenes using Guid(2767e79b6541245f89329d4d6b83819d) Importer(815301076,1909f56bfc062723c751e8b465ee728b)  -> (artifact id: '3044e14ea2370651e91cc34be90b9bbe') in 0.000962 seconds
  Import took 0.005100 seconds .

========================================================================
Received Import Request.
  Time since last request: 40.472113 seconds.
  path: Assets/Materials/AroundNet.mat
  artifactKey: Guid(05685f5add04a4c11b3cff72f2b40daa) Importer(815301076,1909f56bfc062723c751e8b465ee728b)
Start importing Assets/Materials/AroundNet.mat using Guid(05685f5add04a4c11b3cff72f2b40daa) Importer(815301076,1909f56bfc062723c751e8b465ee728b)  -> (artifact id: 'f7aeb5075e17b99f0c1cf2fb870378a7') in 0.745340 seconds
  Import took 0.751514 seconds .

========================================================================
Received Import Request.
  Time since last request: 0.000267 seconds.
  path: Assets/Materials/NetLegMaterial.mat
  artifactKey: Guid(617c4d98a94034e6ba7624fe91acaeca) Importer(815301076,1909f56bfc062723c751e8b465ee728b)
Start importing Assets/Materials/NetLegMaterial.mat using Guid(617c4d98a94034e6ba7624fe91acaeca) Importer(815301076,1909f56bfc062723c751e8b465ee728b)  -> (artifact id: 'c2de4fdb00b90ee4ab9b37c8779f2c12') in 0.127034 seconds
  Import took 0.132679 seconds .

========================================================================
Received Import Request.
  Time since last request: 0.000212 seconds.
  path: Assets/Materials/Bouncy.physicMaterial
  artifactKey: Guid(63d1c550633f4446690b80e40bd3ada8) Importer(815301076,1909f56bfc062723c751e8b465ee728b)
Start importing Assets/Materials/Bouncy.physicMaterial using Guid(63d1c550633f4446690b80e40bd3ada8) Importer(815301076,1909f56bfc062723c751e8b465ee728b)  -> (artifact id: '20e75c0ce0465a0b8aba9fd852eec79e') in 0.166084 seconds
  Import took 0.171403 seconds .

========================================================================
Received Import Request.
  Time since last request: 0.000285 seconds.
  path: Assets/Materials/Ground.mat
  artifactKey: Guid(3fba6dd30c6904ce082680f5f3c2082e) Importer(815301076,1909f56bfc062723c751e8b465ee728b)
Start importing Assets/Materials/Ground.mat using Guid(3fba6dd30c6904ce082680f5f3c2082e) Importer(815301076,1909f56bfc062723c751e8b465ee728b)  -> (artifact id: '09ee2a1fcaa9df404aa9101de9cc0fc9') in 0.205025 seconds
  Import took 0.209898 seconds .

========================================================================
Received Prepare
Refreshing native plugins compatible for Editor in 8.12 ms, found 2 plugins.
Preloading 1 native plugins for Editor in 0.52 ms.
Unloading 25 Unused Serialized files (Serialized files now loaded: 0)
System memory in use before: 174.1 MB.
System memory in use after: 173.6 MB.

Unloading 25 unused Assets to reduce memory usage. Loaded Objects now: 3408.
Total: 4.315118 ms (FindLiveObjects: 0.422950 ms CreateObjectMapping: 0.194516 ms MarkObjects: 2.996274 ms  DeleteObjects: 0.699399 ms)

========================================================================
Received Prepare
Registering precompiled user dll's ...
Registered in 0.005223 seconds.
Begin MonoManager ReloadAssembly
Native extension for Lumin target not found
Native extension for LinuxStandalone target not found
Native extension for WindowsStandalone target not found
Native extension for OSXStandalone target not found
Native extension for WebGL target not found
Refreshing native plugins compatible for Editor in 0.77 ms, found 2 plugins.
Preloading 1 native plugins for Editor in 0.49 ms.
Invoked RoslynAnalysisRunner static constructor.
RoslynAnalysisRunner will not be running.
RoslynAnalysisRunner has terminated.
Error when attempting to update scene info fields. Scene info data may be stale.
UnityEngine.StackTraceUtility:ExtractStackTrace () (at /Users/bokken/buildslave/unity/build/Runtime/Export/Scripting/StackTrace.cs:37)
UnityEngine.DebugLogHandler:LogFormat (UnityEngine.LogType,UnityEngine.Object,string,object[])
UnityEngine.Logger:Log (UnityEngine.LogType,object)
UnityEngine.Debug:LogWarning (object)
Microsoft.MixedReality.Toolkit.Editor.SceneInfoUtils:RefreshSceneInfoFieldsInScriptableObjects () (at Library/PackageCache/com.microsoft.mixedreality.toolkit.foundation@2.5.1/Core/Inspectors/PropertyDrawers/SceneInfoUtils.cs:313)
Microsoft.MixedReality.Toolkit.Editor.SceneInfoUtils:InitializeOnLoad () (at Library/PackageCache/com.microsoft.mixedreality.toolkit.foundation@2.5.1/Core/Inspectors/PropertyDrawers/SceneInfoUtils.cs:231)

(Filename: Library/PackageCache/com.microsoft.mixedreality.toolkit.foundation@2.5.1/Core/Inspectors/PropertyDrawers/SceneInfoUtils.cs Line: 313)

Mono: successfully reloaded assembly
- Completed reload, in  1.418 seconds
Platform modules already initialized, skipping
Refreshing native plugins compatible for Editor in 0.76 ms, found 2 plugins.
Preloading 1 native plugins for Editor in 0.44 ms.
Unloading 2872 Unused Serialized files (Serialized files now loaded: 0)
System memory in use before: 231.0 MB.
System memory in use after: 230.1 MB.

Unloading 63 unused Assets to reduce memory usage. Loaded Objects now: 3411.
Total: 3.491274 ms (FindLiveObjects: 0.552341 ms CreateObjectMapping: 0.310623 ms MarkObjects: 1.901233 ms  DeleteObjects: 0.725165 ms)

========================================================================
Received Prepare
Refreshing native plugins compatible for Editor in 4.00 ms, found 2 plugins.
Preloading 1 native plugins for Editor in 0.52 ms.
Unloading 25 Unused Serialized files (Serialized files now loaded: 0)
System memory in use before: 171.7 MB.
System memory in use after: 171.2 MB.

Unloading 25 unused Assets to reduce memory usage. Loaded Objects now: 3411.
Total: 2.828842 ms (FindLiveObjects: 0.313554 ms CreateObjectMapping: 0.154644 ms MarkObjects: 1.675413 ms  DeleteObjects: 0.684121 ms)

========================================================================
Received Prepare
Trying to reload asset but can't find object on disk

Registering precompiled user dll's ...
Registered in 0.005698 seconds.
Begin MonoManager ReloadAssembly
Native extension for Lumin target not found
Native extension for LinuxStandalone target not found
Native extension for WindowsStandalone target not found
Native extension for OSXStandalone target not found
Native extension for WebGL target not found
Refreshing native plugins compatible for Editor in 0.73 ms, found 2 plugins.
Preloading 1 native plugins for Editor in 0.44 ms.
Invoked RoslynAnalysisRunner static constructor.
RoslynAnalysisRunner will not be running.
RoslynAnalysisRunner has terminated.
Error when attempting to update scene info fields. Scene info data may be stale.
UnityEngine.StackTraceUtility:ExtractStackTrace () (at /Users/bokken/buildslave/unity/build/Runtime/Export/Scripting/StackTrace.cs:37)
UnityEngine.DebugLogHandler:LogFormat (UnityEngine.LogType,UnityEngine.Object,string,object[])
UnityEngine.Logger:Log (UnityEngine.LogType,object)
UnityEngine.Debug:LogWarning (object)
Microsoft.MixedReality.Toolkit.Editor.SceneInfoUtils:RefreshSceneInfoFieldsInScriptableObjects () (at Library/PackageCache/com.microsoft.mixedreality.toolkit.foundation@2.5.1/Core/Inspectors/PropertyDrawers/SceneInfoUtils.cs:313)
Microsoft.MixedReality.Toolkit.Editor.SceneInfoUtils:InitializeOnLoad () (at Library/PackageCache/com.microsoft.mixedreality.toolkit.foundation@2.5.1/Core/Inspectors/PropertyDrawers/SceneInfoUtils.cs:231)

(Filename: Library/PackageCache/com.microsoft.mixedreality.toolkit.foundation@2.5.1/Core/Inspectors/PropertyDrawers/SceneInfoUtils.cs Line: 313)

Mono: successfully reloaded assembly
- Completed reload, in  1.165 seconds
Platform modules already initialized, skipping
Refreshing native plugins compatible for Editor in 0.72 ms, found 2 plugins.
Preloading 1 native plugins for Editor in 0.41 ms.
Unloading 2876 Unused Serialized files (Serialized files now loaded: 0)
System memory in use before: 231.4 MB.
System memory in use after: 230.5 MB.

Unloading 63 unused Assets to reduce memory usage. Loaded Objects now: 3414.
Total: 2.696372 ms (FindLiveObjects: 0.460460 ms CreateObjectMapping: 0.163350 ms MarkObjects: 1.418036 ms  DeleteObjects: 0.653442 ms)

========================================================================
Received Prepare
Trying to reload asset but can't find object on disk

Refreshing native plugins compatible for Editor in 3.33 ms, found 2 plugins.
Preloading 1 native plugins for Editor in 0.49 ms.
Unloading 28 Unused Serialized files (Serialized files now loaded: 0)
System memory in use before: 166.6 MB.
System memory in use after: 166.0 MB.

Unloading 25 unused Assets to reduce memory usage. Loaded Objects now: 3414.
Total: 2.895574 ms (FindLiveObjects: 0.320493 ms CreateObjectMapping: 0.158639 ms MarkObjects: 1.722602 ms  DeleteObjects: 0.692823 ms)

========================================================================
Received Prepare
Trying to reload asset but can't find object on disk

Refreshing native plugins compatible for Editor in 4.31 ms, found 2 plugins.
Preloading 1 native plugins for Editor in 0.56 ms.
Unloading 25 Unused Serialized files (Serialized files now loaded: 0)
System memory in use before: 166.9 MB.
System memory in use after: 166.3 MB.

Unloading 25 unused Assets to reduce memory usage. Loaded Objects now: 3414.
Total: 2.964122 ms (FindLiveObjects: 0.340493 ms CreateObjectMapping: 0.142899 ms MarkObjects: 1.745346 ms  DeleteObjects: 0.733869 ms)

