Using pre-set license

 COMMAND LINE ARGUMENTS:
/Applications/Unity/Hub/Editor/2020.2.1f1/Unity.app/Contents/MacOS/Unity
-adb2
-batchMode
-noUpm
-name
AssetImportWorker0
-projectPath
/Users/KevinHu/Desktop/vrspike/game
-logFile
Logs/AssetImportWorker0.log
-srvPort
50307
Successfully changed project path to: /Users/KevinHu/Desktop/vrspike/game
/Users/KevinHu/Desktop/vrspike/game
Using Asset Import Pipeline V2.
Refreshing native plugins compatible for Editor in 91.17 ms, found 2 plugins.
Preloading 1 native plugins for Editor in 17.00 ms.
Initialize engine version: 2020.2.1f1 (270dd8c3da1c)
[Subsystems] Discovering subsystems at path /Applications/Unity/Hub/Editor/2020.2.1f1/Unity.app/Contents/Resources/UnitySubsystems
[Subsystems] Discovering subsystems at path /Users/KevinHu/Desktop/vrspike/game/Assets
GfxDevice: creating device client; threaded=0
2021-01-16 10:58:06.536 Unity[41245:1213732] Color LCD preferred device: AMD Radeon Pro 5300M (high power)
2021-01-16 10:58:06.536 Unity[41245:1213732] Metal devices available: 2
2021-01-16 10:58:06.536 Unity[41245:1213732] 0: AMD Radeon Pro 5300M (high power)
2021-01-16 10:58:06.536 Unity[41245:1213732] 1: Intel(R) UHD Graphics 630 (low power)
2021-01-16 10:58:06.537 Unity[41245:1213732] Using device AMD Radeon Pro 5300M (high power)
Initializing Metal device caps: AMD Radeon Pro 5300M
Initialize mono
Mono path[0] = '/Applications/Unity/Hub/Editor/2020.2.1f1/Unity.app/Contents/Managed'
Mono path[1] = '/Applications/Unity/Hub/Editor/2020.2.1f1/Unity.app/Contents/MonoBleedingEdge/lib/mono/unityjit'
Mono config path = '/Applications/Unity/Hub/Editor/2020.2.1f1/Unity.app/Contents/MonoBleedingEdge/etc'
Using monoOptions --debugger-agent=transport=dt_socket,embedding=1,server=y,suspend=n,address=127.0.0.1:56245
Begin MonoManager ReloadAssembly
Registering precompiled unity dll's ...
Register platform support module: /Applications/Unity/Hub/Editor/2020.2.1f1/PlaybackEngines/WebGLSupport/UnityEditor.WebGL.Extensions.dll
Register platform support module: /Applications/Unity/Hub/Editor/2020.2.1f1/Unity.app/Contents/PlaybackEngines/MacStandaloneSupport/UnityEditor.OSXStandalone.Extensions.dll
Register platform support module: /Applications/Unity/Hub/Editor/2020.2.1f1/PlaybackEngines/WindowsStandaloneSupport/UnityEditor.WindowsStandalone.Extensions.dll
Register platform support module: /Applications/Unity/Hub/Editor/2020.2.1f1/PlaybackEngines/LinuxStandaloneSupport/UnityEditor.LinuxStandalone.Extensions.dll
Register platform support module: /Applications/Unity/Hub/Editor/2020.2.1f1/PlaybackEngines/LuminSupport/UnityEditor.Lumin.Extensions.dll
Registered in 0.004558 seconds.
Native extension for Lumin target not found
Native extension for LinuxStandalone target not found
Native extension for WindowsStandalone target not found
Native extension for OSXStandalone target not found
Native extension for WebGL target not found
Refreshing native plugins compatible for Editor in 65.07 ms, found 2 plugins.
Preloading 1 native plugins for Editor in 0.46 ms.
Invoked RoslynAnalysisRunner static constructor.
RoslynAnalysisRunner will not be running.
RoslynAnalysisRunner has terminated.
Mono: successfully reloaded assembly
- Completed reload, in  3.961 seconds
Platform modules already initialized, skipping
Registering precompiled user dll's ...
Registered in 0.009601 seconds.
Begin MonoManager ReloadAssembly
Symbol file LoadedFromMemory is not a mono symbol file
Native extension for Lumin target not found
Native extension for LinuxStandalone target not found
Native extension for WindowsStandalone target not found
Native extension for OSXStandalone target not found
Native extension for WebGL target not found
Refreshing native plugins compatible for Editor in 68.40 ms, found 2 plugins.
Preloading 1 native plugins for Editor in 0.50 ms.
Invoked RoslynAnalysisRunner static constructor.
RoslynAnalysisRunner will not be running.
RoslynAnalysisRunner has terminated.
WARNING: RGBA Compressed ETC2 UNorm format is not supported, decompressing texture
Mono: successfully reloaded assembly
- Completed reload, in  2.187 seconds
Platform modules already initialized, skipping
========================================================================
Worker process is ready to serve import requests
Launching external process: /Applications/Unity/Hub/Editor/2020.2.1f1/Unity.app/Contents/Tools/UnityShaderCompiler
Launched and connected shader compiler UnityShaderCompiler after 0.02 seconds
Refreshing native plugins compatible for Editor in 0.86 ms, found 2 plugins.
Preloading 1 native plugins for Editor in 0.65 ms.
Unloading 3222 Unused Serialized files (Serialized files now loaded: 0)
System memory in use before: 231.8 MB.
System memory in use after: 230.8 MB.

Unloading 428 unused Assets to reduce memory usage. Loaded Objects now: 3587.
Total: 3.698681 ms (FindLiveObjects: 0.378992 ms CreateObjectMapping: 0.195050 ms MarkObjects: 2.038144 ms  DeleteObjects: 1.085373 ms)

========================================================================
Received Import Request.
  path: Assets/Photon/PhotonUnityNetworking/Resources/PhotonServerSettings.asset
  artifactKey: Guid(7671f4f4595904627b385f5b1eb2724d) Importer(815301076,1909f56bfc062723c751e8b465ee728b)
Start importing Assets/Photon/PhotonUnityNetworking/Resources/PhotonServerSettings.asset using Guid(7671f4f4595904627b385f5b1eb2724d) Importer(815301076,1909f56bfc062723c751e8b465ee728b)  -> (artifact id: '87524537028b269b4866146ccb078e6c') in 0.242390 seconds
  Import took 0.247663 seconds .

========================================================================
Received Prepare
Registering precompiled user dll's ...
Registered in 0.007170 seconds.
Begin MonoManager ReloadAssembly
Symbol file LoadedFromMemory is not a mono symbol file
Native extension for Lumin target not found
Native extension for LinuxStandalone target not found
Native extension for WindowsStandalone target not found
Native extension for OSXStandalone target not found
Native extension for WebGL target not found
Refreshing native plugins compatible for Editor in 0.78 ms, found 2 plugins.
Preloading 1 native plugins for Editor in 0.43 ms.
Invoked RoslynAnalysisRunner static constructor.
RoslynAnalysisRunner will not be running.
RoslynAnalysisRunner has terminated.
Error when attempting to update scene info fields. Scene info data may be stale.
UnityEngine.StackTraceUtility:ExtractStackTrace () (at /Users/bokken/buildslave/unity/build/Runtime/Export/Scripting/StackTrace.cs:37)
UnityEngine.DebugLogHandler:LogFormat (UnityEngine.LogType,UnityEngine.Object,string,object[])
UnityEngine.Logger:Log (UnityEngine.LogType,object)
UnityEngine.Debug:LogWarning (object)
Microsoft.MixedReality.Toolkit.Editor.SceneInfoUtils:RefreshSceneInfoFieldsInScriptableObjects () (at Library/PackageCache/com.microsoft.mixedreality.toolkit.foundation@2.5.1/Core/Inspectors/PropertyDrawers/SceneInfoUtils.cs:313)
Microsoft.MixedReality.Toolkit.Editor.SceneInfoUtils:InitializeOnLoad () (at Library/PackageCache/com.microsoft.mixedreality.toolkit.foundation@2.5.1/Core/Inspectors/PropertyDrawers/SceneInfoUtils.cs:231)

(Filename: Library/PackageCache/com.microsoft.mixedreality.toolkit.foundation@2.5.1/Core/Inspectors/PropertyDrawers/SceneInfoUtils.cs Line: 313)

Mono: successfully reloaded assembly
- Completed reload, in  1.180 seconds
Platform modules already initialized, skipping
Refreshing native plugins compatible for Editor in 0.79 ms, found 2 plugins.
Preloading 1 native plugins for Editor in 0.41 ms.
Unloading 3098 Unused Serialized files (Serialized files now loaded: 0)
System memory in use before: 233.5 MB.
System memory in use after: 232.6 MB.

Unloading 70 unused Assets to reduce memory usage. Loaded Objects now: 3591.
Total: 2.842487 ms (FindLiveObjects: 0.328495 ms CreateObjectMapping: 0.166318 ms MarkObjects: 1.671524 ms  DeleteObjects: 0.675064 ms)

========================================================================
Received Import Request.
  Time since last request: 833.734640 seconds.
  path: Assets/NetworkManager.cs
  artifactKey: Guid(a32e5bfe028024652aa79ae59a31f67c) Importer(815301076,1909f56bfc062723c751e8b465ee728b)
Start importing Assets/NetworkManager.cs using Guid(a32e5bfe028024652aa79ae59a31f67c) Importer(815301076,1909f56bfc062723c751e8b465ee728b)  -> (artifact id: '963f1f7a012e71dc25274a1b6b842a1d') in 0.378498 seconds
  Import took 0.384266 seconds .

========================================================================
Received Prepare
Registering precompiled user dll's ...
Registered in 0.008024 seconds.
Begin MonoManager ReloadAssembly
Symbol file LoadedFromMemory is not a mono symbol file
Native extension for Lumin target not found
Native extension for LinuxStandalone target not found
Native extension for WindowsStandalone target not found
Native extension for OSXStandalone target not found
Native extension for WebGL target not found
Refreshing native plugins compatible for Editor in 0.83 ms, found 2 plugins.
Preloading 1 native plugins for Editor in 0.47 ms.
Invoked RoslynAnalysisRunner static constructor.
RoslynAnalysisRunner will not be running.
RoslynAnalysisRunner has terminated.
Error when attempting to update scene info fields. Scene info data may be stale.
UnityEngine.StackTraceUtility:ExtractStackTrace () (at /Users/bokken/buildslave/unity/build/Runtime/Export/Scripting/StackTrace.cs:37)
UnityEngine.DebugLogHandler:LogFormat (UnityEngine.LogType,UnityEngine.Object,string,object[])
UnityEngine.Logger:Log (UnityEngine.LogType,object)
UnityEngine.Debug:LogWarning (object)
Microsoft.MixedReality.Toolkit.Editor.SceneInfoUtils:RefreshSceneInfoFieldsInScriptableObjects () (at Library/PackageCache/com.microsoft.mixedreality.toolkit.foundation@2.5.1/Core/Inspectors/PropertyDrawers/SceneInfoUtils.cs:313)
Microsoft.MixedReality.Toolkit.Editor.SceneInfoUtils:InitializeOnLoad () (at Library/PackageCache/com.microsoft.mixedreality.toolkit.foundation@2.5.1/Core/Inspectors/PropertyDrawers/SceneInfoUtils.cs:231)

(Filename: Library/PackageCache/com.microsoft.mixedreality.toolkit.foundation@2.5.1/Core/Inspectors/PropertyDrawers/SceneInfoUtils.cs Line: 313)

Mono: successfully reloaded assembly
- Completed reload, in  1.325 seconds
Platform modules already initialized, skipping
Refreshing native plugins compatible for Editor in 0.97 ms, found 2 plugins.
Preloading 1 native plugins for Editor in 0.46 ms.
Unloading 3099 Unused Serialized files (Serialized files now loaded: 0)
System memory in use before: 239.1 MB.
System memory in use after: 238.2 MB.

Unloading 70 unused Assets to reduce memory usage. Loaded Objects now: 3594.
Total: 2.875811 ms (FindLiveObjects: 0.411184 ms CreateObjectMapping: 0.148222 ms MarkObjects: 1.616329 ms  DeleteObjects: 0.698928 ms)

========================================================================
Received Prepare
Registering precompiled user dll's ...
Registered in 0.007656 seconds.
Begin MonoManager ReloadAssembly
Symbol file LoadedFromMemory is not a mono symbol file
Native extension for Lumin target not found
Native extension for LinuxStandalone target not found
Native extension for WindowsStandalone target not found
Native extension for OSXStandalone target not found
Native extension for WebGL target not found
Refreshing native plugins compatible for Editor in 1.47 ms, found 2 plugins.
Preloading 1 native plugins for Editor in 0.88 ms.
Invoked RoslynAnalysisRunner static constructor.
RoslynAnalysisRunner will not be running.
RoslynAnalysisRunner has terminated.
Error when attempting to update scene info fields. Scene info data may be stale.
UnityEngine.StackTraceUtility:ExtractStackTrace () (at /Users/bokken/buildslave/unity/build/Runtime/Export/Scripting/StackTrace.cs:37)
UnityEngine.DebugLogHandler:LogFormat (UnityEngine.LogType,UnityEngine.Object,string,object[])
UnityEngine.Logger:Log (UnityEngine.LogType,object)
UnityEngine.Debug:LogWarning (object)
Microsoft.MixedReality.Toolkit.Editor.SceneInfoUtils:RefreshSceneInfoFieldsInScriptableObjects () (at Library/PackageCache/com.microsoft.mixedreality.toolkit.foundation@2.5.1/Core/Inspectors/PropertyDrawers/SceneInfoUtils.cs:313)
Microsoft.MixedReality.Toolkit.Editor.SceneInfoUtils:InitializeOnLoad () (at Library/PackageCache/com.microsoft.mixedreality.toolkit.foundation@2.5.1/Core/Inspectors/PropertyDrawers/SceneInfoUtils.cs:231)

(Filename: Library/PackageCache/com.microsoft.mixedreality.toolkit.foundation@2.5.1/Core/Inspectors/PropertyDrawers/SceneInfoUtils.cs Line: 313)

Mono: successfully reloaded assembly
- Completed reload, in  1.575 seconds
Platform modules already initialized, skipping
Refreshing native plugins compatible for Editor in 0.88 ms, found 2 plugins.
Preloading 1 native plugins for Editor in 0.43 ms.
Unloading 3099 Unused Serialized files (Serialized files now loaded: 0)
System memory in use before: 239.4 MB.
System memory in use after: 238.4 MB.

Unloading 70 unused Assets to reduce memory usage. Loaded Objects now: 3597.
Total: 3.179830 ms (FindLiveObjects: 0.377768 ms CreateObjectMapping: 0.211540 ms MarkObjects: 1.847096 ms  DeleteObjects: 0.742117 ms)

========================================================================
Received Prepare
Refreshing native plugins compatible for Editor in 13.89 ms, found 2 plugins.
Preloading 1 native plugins for Editor in 0.46 ms.
Unloading 33 Unused Serialized files (Serialized files now loaded: 0)
System memory in use before: 170.9 MB.
System memory in use after: 170.3 MB.

Unloading 30 unused Assets to reduce memory usage. Loaded Objects now: 3597.
Total: 4.346397 ms (FindLiveObjects: 0.332105 ms CreateObjectMapping: 0.168533 ms MarkObjects: 3.173388 ms  DeleteObjects: 0.670602 ms)

========================================================================
Received Prepare
Registering precompiled user dll's ...
Registered in 0.006138 seconds.
Begin MonoManager ReloadAssembly
Symbol file LoadedFromMemory is not a mono symbol file
Native extension for Lumin target not found
Native extension for LinuxStandalone target not found
Native extension for WindowsStandalone target not found
Native extension for OSXStandalone target not found
Native extension for WebGL target not found
Refreshing native plugins compatible for Editor in 0.81 ms, found 2 plugins.
Preloading 1 native plugins for Editor in 0.43 ms.
Invoked RoslynAnalysisRunner static constructor.
RoslynAnalysisRunner will not be running.
RoslynAnalysisRunner has terminated.
Error when attempting to update scene info fields. Scene info data may be stale.
UnityEngine.StackTraceUtility:ExtractStackTrace () (at /Users/bokken/buildslave/unity/build/Runtime/Export/Scripting/StackTrace.cs:37)
UnityEngine.DebugLogHandler:LogFormat (UnityEngine.LogType,UnityEngine.Object,string,object[])
UnityEngine.Logger:Log (UnityEngine.LogType,object)
UnityEngine.Debug:LogWarning (object)
Microsoft.MixedReality.Toolkit.Editor.SceneInfoUtils:RefreshSceneInfoFieldsInScriptableObjects () (at Library/PackageCache/com.microsoft.mixedreality.toolkit.foundation@2.5.1/Core/Inspectors/PropertyDrawers/SceneInfoUtils.cs:313)
Microsoft.MixedReality.Toolkit.Editor.SceneInfoUtils:InitializeOnLoad () (at Library/PackageCache/com.microsoft.mixedreality.toolkit.foundation@2.5.1/Core/Inspectors/PropertyDrawers/SceneInfoUtils.cs:231)

(Filename: Library/PackageCache/com.microsoft.mixedreality.toolkit.foundation@2.5.1/Core/Inspectors/PropertyDrawers/SceneInfoUtils.cs Line: 313)

Mono: successfully reloaded assembly
- Completed reload, in  1.189 seconds
Platform modules already initialized, skipping
Refreshing native plugins compatible for Editor in 0.93 ms, found 2 plugins.
Preloading 1 native plugins for Editor in 0.45 ms.
Unloading 3098 Unused Serialized files (Serialized files now loaded: 0)
System memory in use before: 239.6 MB.
System memory in use after: 238.7 MB.

Unloading 70 unused Assets to reduce memory usage. Loaded Objects now: 3600.
Total: 3.675436 ms (FindLiveObjects: 0.374263 ms CreateObjectMapping: 0.235215 ms MarkObjects: 1.907990 ms  DeleteObjects: 1.157095 ms)

========================================================================
Received Prepare
Refreshing native plugins compatible for Editor in 6.08 ms, found 2 plugins.
Preloading 1 native plugins for Editor in 0.44 ms.
Unloading 30 Unused Serialized files (Serialized files now loaded: 0)
System memory in use before: 175.9 MB.
System memory in use after: 175.3 MB.

Unloading 30 unused Assets to reduce memory usage. Loaded Objects now: 3600.
Total: 2.687386 ms (FindLiveObjects: 0.295408 ms CreateObjectMapping: 0.137133 ms MarkObjects: 1.555108 ms  DeleteObjects: 0.698777 ms)

========================================================================
Received Prepare
Refreshing native plugins compatible for Editor in 3.82 ms, found 2 plugins.
Preloading 1 native plugins for Editor in 0.44 ms.
Unloading 30 Unused Serialized files (Serialized files now loaded: 0)
System memory in use before: 175.9 MB.
System memory in use after: 175.3 MB.

Unloading 30 unused Assets to reduce memory usage. Loaded Objects now: 3600.
Total: 4.042209 ms (FindLiveObjects: 0.471155 ms CreateObjectMapping: 0.264025 ms MarkObjects: 2.337274 ms  DeleteObjects: 0.967594 ms)

========================================================================
Received Prepare
Refreshing native plugins compatible for Editor in 3.77 ms, found 2 plugins.
Preloading 1 native plugins for Editor in 0.44 ms.
Unloading 30 Unused Serialized files (Serialized files now loaded: 0)
System memory in use before: 175.9 MB.
System memory in use after: 175.3 MB.

Unloading 30 unused Assets to reduce memory usage. Loaded Objects now: 3600.
Total: 4.226291 ms (FindLiveObjects: 0.441525 ms CreateObjectMapping: 0.206977 ms MarkObjects: 2.606030 ms  DeleteObjects: 0.970449 ms)

========================================================================
Received Prepare
Refreshing native plugins compatible for Editor in 3.83 ms, found 2 plugins.
Preloading 1 native plugins for Editor in 0.44 ms.
Unloading 30 Unused Serialized files (Serialized files now loaded: 0)
System memory in use before: 175.9 MB.
System memory in use after: 175.3 MB.

Unloading 30 unused Assets to reduce memory usage. Loaded Objects now: 3600.
Total: 4.002988 ms (FindLiveObjects: 0.466008 ms CreateObjectMapping: 0.226358 ms MarkObjects: 2.349591 ms  DeleteObjects: 0.959374 ms)

========================================================================
Received Prepare
Registering precompiled user dll's ...
Registered in 0.005993 seconds.
Begin MonoManager ReloadAssembly
Symbol file LoadedFromMemory is not a mono symbol file
Native extension for Lumin target not found
Native extension for LinuxStandalone target not found
Native extension for WindowsStandalone target not found
Native extension for OSXStandalone target not found
Native extension for WebGL target not found
Refreshing native plugins compatible for Editor in 0.98 ms, found 2 plugins.
Preloading 1 native plugins for Editor in 0.44 ms.
Invoked RoslynAnalysisRunner static constructor.
RoslynAnalysisRunner will not be running.
RoslynAnalysisRunner has terminated.
Error when attempting to update scene info fields. Scene info data may be stale.
UnityEngine.StackTraceUtility:ExtractStackTrace () (at /Users/bokken/buildslave/unity/build/Runtime/Export/Scripting/StackTrace.cs:37)
UnityEngine.DebugLogHandler:LogFormat (UnityEngine.LogType,UnityEngine.Object,string,object[])
UnityEngine.Logger:Log (UnityEngine.LogType,object)
UnityEngine.Debug:LogWarning (object)
Microsoft.MixedReality.Toolkit.Editor.SceneInfoUtils:RefreshSceneInfoFieldsInScriptableObjects () (at Library/PackageCache/com.microsoft.mixedreality.toolkit.foundation@2.5.1/Core/Inspectors/PropertyDrawers/SceneInfoUtils.cs:313)
Microsoft.MixedReality.Toolkit.Editor.SceneInfoUtils:InitializeOnLoad () (at Library/PackageCache/com.microsoft.mixedreality.toolkit.foundation@2.5.1/Core/Inspectors/PropertyDrawers/SceneInfoUtils.cs:231)

(Filename: Library/PackageCache/com.microsoft.mixedreality.toolkit.foundation@2.5.1/Core/Inspectors/PropertyDrawers/SceneInfoUtils.cs Line: 313)

Mono: successfully reloaded assembly
- Completed reload, in  1.199 seconds
Platform modules already initialized, skipping
Refreshing native plugins compatible for Editor in 0.83 ms, found 2 plugins.
Preloading 1 native plugins for Editor in 0.48 ms.
Unloading 3096 Unused Serialized files (Serialized files now loaded: 0)
System memory in use before: 239.9 MB.
System memory in use after: 239.0 MB.

Unloading 70 unused Assets to reduce memory usage. Loaded Objects now: 3604.
Total: 3.170804 ms (FindLiveObjects: 0.319588 ms CreateObjectMapping: 0.134496 ms MarkObjects: 1.824231 ms  DeleteObjects: 0.891350 ms)

========================================================================
Received Prepare
Registering precompiled user dll's ...
Registered in 0.003418 seconds.
Begin MonoManager ReloadAssembly
Symbol file LoadedFromMemory is not a mono symbol file
Native extension for Lumin target not found
Native extension for LinuxStandalone target not found
Native extension for WindowsStandalone target not found
Native extension for OSXStandalone target not found
Native extension for WebGL target not found
Refreshing native plugins compatible for Editor in 0.80 ms, found 2 plugins.
Preloading 1 native plugins for Editor in 0.46 ms.
Invoked RoslynAnalysisRunner static constructor.
RoslynAnalysisRunner will not be running.
RoslynAnalysisRunner has terminated.
Error when attempting to update scene info fields. Scene info data may be stale.
UnityEngine.StackTraceUtility:ExtractStackTrace () (at /Users/bokken/buildslave/unity/build/Runtime/Export/Scripting/StackTrace.cs:37)
UnityEngine.DebugLogHandler:LogFormat (UnityEngine.LogType,UnityEngine.Object,string,object[])
UnityEngine.Logger:Log (UnityEngine.LogType,object)
UnityEngine.Debug:LogWarning (object)
Microsoft.MixedReality.Toolkit.Editor.SceneInfoUtils:RefreshSceneInfoFieldsInScriptableObjects () (at Library/PackageCache/com.microsoft.mixedreality.toolkit.foundation@2.5.1/Core/Inspectors/PropertyDrawers/SceneInfoUtils.cs:313)
Microsoft.MixedReality.Toolkit.Editor.SceneInfoUtils:InitializeOnLoad () (at Library/PackageCache/com.microsoft.mixedreality.toolkit.foundation@2.5.1/Core/Inspectors/PropertyDrawers/SceneInfoUtils.cs:231)

(Filename: Library/PackageCache/com.microsoft.mixedreality.toolkit.foundation@2.5.1/Core/Inspectors/PropertyDrawers/SceneInfoUtils.cs Line: 313)

Mono: successfully reloaded assembly
- Completed reload, in  1.157 seconds
Platform modules already initialized, skipping
Refreshing native plugins compatible for Editor in 0.84 ms, found 2 plugins.
Preloading 1 native plugins for Editor in 0.47 ms.
Unloading 3096 Unused Serialized files (Serialized files now loaded: 0)
System memory in use before: 240.2 MB.
System memory in use after: 239.3 MB.

Unloading 70 unused Assets to reduce memory usage. Loaded Objects now: 3607.
Total: 2.912939 ms (FindLiveObjects: 0.304150 ms CreateObjectMapping: 0.148964 ms MarkObjects: 1.627599 ms  DeleteObjects: 0.831363 ms)

========================================================================
Received Import Request.
  Time since last request: 2624.639726 seconds.
  path: Assets/Prefabs/Hand.prefab
  artifactKey: Guid(45ead1a30d1674e31a1f7f5e2d0b247e) Importer(815301076,1909f56bfc062723c751e8b465ee728b)
Start importing Assets/Prefabs/Hand.prefab using Guid(45ead1a30d1674e31a1f7f5e2d0b247e) Importer(815301076,1909f56bfc062723c751e8b465ee728b)  -> (artifact id: 'caf0e13910336be47b495fff5b8603d8') in 0.490616 seconds
  Import took 0.497396 seconds .

========================================================================
Received Import Request.
  Time since last request: 0.000929 seconds.
  path: Assets/Prefabs/Leg.prefab
  artifactKey: Guid(342c2e8d3963d4f82a937474f6f030c2) Importer(815301076,1909f56bfc062723c751e8b465ee728b)
Start importing Assets/Prefabs/Leg.prefab using Guid(342c2e8d3963d4f82a937474f6f030c2) Importer(815301076,1909f56bfc062723c751e8b465ee728b)  -> (artifact id: '08b4b27269474fecb78e7f0614fd8125') in 0.014737 seconds
  Import took 0.020350 seconds .

========================================================================
Received Import Request.
  Time since last request: 27.445275 seconds.
  path: Assets/Photon/PhotonUnityNetworking/UtilityScripts/PhotonUnityNetworking.Utilities.asmdef
  artifactKey: Guid(a738238285a7a8246af046cbf977522f) Importer(815301076,1909f56bfc062723c751e8b465ee728b)
Start importing Assets/Photon/PhotonUnityNetworking/UtilityScripts/PhotonUnityNetworking.Utilities.asmdef using Guid(a738238285a7a8246af046cbf977522f) Importer(815301076,1909f56bfc062723c751e8b465ee728b)  -> (artifact id: 'dcf4910237742ed50f061acc80ec3552') in 0.130093 seconds
  Import took 0.137661 seconds .

========================================================================
Received Import Request.
  Time since last request: 0.835098 seconds.
  path: Assets/Photon/PhotonUnityNetworking/Resources/PhotonServerSettings.asset
  artifactKey: Guid(7671f4f4595904627b385f5b1eb2724d) Importer(815301076,1909f56bfc062723c751e8b465ee728b)
Start importing Assets/Photon/PhotonUnityNetworking/Resources/PhotonServerSettings.asset using Guid(7671f4f4595904627b385f5b1eb2724d) Importer(815301076,1909f56bfc062723c751e8b465ee728b)  -> (artifact id: 'dbf22d17ea7aafb09449572e02189299') in 0.011704 seconds
  Import took 0.018322 seconds .

========================================================================
Received Import Request.
  Time since last request: 0.614594 seconds.
  path: Assets/Photon/PhotonUnityNetworking/Icons/PunIcon-128.png
  artifactKey: Guid(bd293dc32f4aaf94e8274f2fac2cdf89) Importer(815301076,1909f56bfc062723c751e8b465ee728b)
Start importing Assets/Photon/PhotonUnityNetworking/Icons/PunIcon-128.png using Guid(bd293dc32f4aaf94e8274f2fac2cdf89) Importer(815301076,1909f56bfc062723c751e8b465ee728b)  -> (artifact id: '1426497a6a9190d12cc8bb1e7ed4c691') in 0.377571 seconds
  Import took 0.383753 seconds .

========================================================================
Received Import Request.
  Time since last request: 0.000184 seconds.
  path: Assets/Photon/PhotonUnityNetworking/Icons/PunIconApp512.png
  artifactKey: Guid(7377013011b4c3348809ff574abe799e) Importer(815301076,1909f56bfc062723c751e8b465ee728b)
Start importing Assets/Photon/PhotonUnityNetworking/Icons/PunIconApp512.png using Guid(7377013011b4c3348809ff574abe799e) Importer(815301076,1909f56bfc062723c751e8b465ee728b)  -> (artifact id: '557e3a498e1feb6f6591d0de5ca61859') in 0.016495 seconds
  Import took 0.022048 seconds .

========================================================================
Received Import Request.
  Time since last request: 0.000218 seconds.
  path: Assets/Photon/PhotonUnityNetworking/Icons/PunIconApp128.png
  artifactKey: Guid(f00feafcf0675cd47a48f83ae42b06d4) Importer(815301076,1909f56bfc062723c751e8b465ee728b)
Start importing Assets/Photon/PhotonUnityNetworking/Icons/PunIconApp128.png using Guid(f00feafcf0675cd47a48f83ae42b06d4) Importer(815301076,1909f56bfc062723c751e8b465ee728b)  -> (artifact id: 'af3952b6cb14f67565065d058f057663') in 0.014638 seconds
  Import took 0.020528 seconds .

========================================================================
Received Import Request.
  Time since last request: 0.000159 seconds.
  path: Assets/Photon/PhotonUnityNetworking/Icons/PunIconApp32.png
  artifactKey: Guid(436c5e63723127948af8857e903f658a) Importer(815301076,1909f56bfc062723c751e8b465ee728b)
Start importing Assets/Photon/PhotonUnityNetworking/Icons/PunIconApp32.png using Guid(436c5e63723127948af8857e903f658a) Importer(815301076,1909f56bfc062723c751e8b465ee728b)  -> (artifact id: 'cdd2a8f524be78f7f5054dada9b43539') in 0.011140 seconds
  Import took 0.017004 seconds .

========================================================================
Received Import Request.
  Time since last request: 0.000201 seconds.
  path: Assets/Photon/PhotonUnityNetworking/Icons/PunIconApp48.png
  artifactKey: Guid(44ebd8e6f42cae445ab4b22f0a9b48a0) Importer(815301076,1909f56bfc062723c751e8b465ee728b)
Start importing Assets/Photon/PhotonUnityNetworking/Icons/PunIconApp48.png using Guid(44ebd8e6f42cae445ab4b22f0a9b48a0) Importer(815301076,1909f56bfc062723c751e8b465ee728b)  -> (artifact id: 'b6c2a9629ab3c2a1a484955f54bb0348') in 0.014705 seconds
  Import took 0.020407 seconds .

========================================================================
Received Import Request.
  Time since last request: 0.201802 seconds.
  path: Assets/Photon/PhotonUnityNetworking/Demos/PhotonUnityNetworking.Demos.asmdef
  artifactKey: Guid(35cc2632df2760540bcc67312740008b) Importer(815301076,1909f56bfc062723c751e8b465ee728b)
Start importing Assets/Photon/PhotonUnityNetworking/Demos/PhotonUnityNetworking.Demos.asmdef using Guid(35cc2632df2760540bcc67312740008b) Importer(815301076,1909f56bfc062723c751e8b465ee728b)  -> (artifact id: '94836de807c1f689f3bb3baec3eef076') in 0.004752 seconds
  Import took 0.010418 seconds .

========================================================================
Received Import Request.
  Time since last request: 1.057636 seconds.
  path: Assets/Photon/PhotonUnityNetworking/Code/PhotonUnityNetworking.asmdef
  artifactKey: Guid(57c32fc907df0f54e8e6e8f0d2488336) Importer(815301076,1909f56bfc062723c751e8b465ee728b)
Start importing Assets/Photon/PhotonUnityNetworking/Code/PhotonUnityNetworking.asmdef using Guid(57c32fc907df0f54e8e6e8f0d2488336) Importer(815301076,1909f56bfc062723c751e8b465ee728b)  -> (artifact id: '8fdb747f0e721607dafdab0bd45211a0') in 0.004068 seconds
  Import took 0.009889 seconds .

========================================================================
Received Import Request.
  Time since last request: 16.932453 seconds.
  path: Assets/NetworkPlayer.prefab
  artifactKey: Guid(cf047529f4a5641f7b67a172eedb09b9) Importer(815301076,1909f56bfc062723c751e8b465ee728b)
Start importing Assets/NetworkPlayer.prefab using Guid(cf047529f4a5641f7b67a172eedb09b9) Importer(815301076,1909f56bfc062723c751e8b465ee728b)  -> (artifact id: 'd293707be585f5ebb1db1f29f358906b') in 0.011962 seconds
  Import took 0.016977 seconds .

========================================================================
Received Import Request.
  Time since last request: 0.033483 seconds.
  path: Assets/NetworkPlayer.prefab
  artifactKey: Guid(cf047529f4a5641f7b67a172eedb09b9) Importer(815301076,1909f56bfc062723c751e8b465ee728b)
Start importing Assets/NetworkPlayer.prefab using Guid(cf047529f4a5641f7b67a172eedb09b9) Importer(815301076,1909f56bfc062723c751e8b465ee728b)  -> (artifact id: 'd293707be585f5ebb1db1f29f358906b') in 0.009718 seconds
  Import took 0.014927 seconds .

========================================================================
Received Import Request.
  Time since last request: 44.456942 seconds.
  path: Assets/resources
  artifactKey: Guid(3fa8520110349467488507db7bbe1bec) Importer(815301076,1909f56bfc062723c751e8b465ee728b)
Start importing Assets/resources using Guid(3fa8520110349467488507db7bbe1bec) Importer(815301076,1909f56bfc062723c751e8b465ee728b)  -> (artifact id: '89f546604741d62acd3197200f2ec210') in 0.001703 seconds
  Import took 0.008229 seconds .

========================================================================
Received Import Request.
  Time since last request: 9.122579 seconds.
  path: Assets/Resources
  artifactKey: Guid(3fa8520110349467488507db7bbe1bec) Importer(815301076,1909f56bfc062723c751e8b465ee728b)
Start importing Assets/Resources using Guid(3fa8520110349467488507db7bbe1bec) Importer(815301076,1909f56bfc062723c751e8b465ee728b)  -> (artifact id: '1a38c891d3e04e56809792711a2ab9f4') in 0.002188 seconds
  Import took 0.008451 seconds .

========================================================================
Received Import Request.
  Time since last request: 48.293323 seconds.
  path: Assets/Resources/NetworkPlayer.prefab
  artifactKey: Guid(cf047529f4a5641f7b67a172eedb09b9) Importer(815301076,1909f56bfc062723c751e8b465ee728b)
Start importing Assets/Resources/NetworkPlayer.prefab using Guid(cf047529f4a5641f7b67a172eedb09b9) Importer(815301076,1909f56bfc062723c751e8b465ee728b)  -> (artifact id: '3de5d228081f5fd30a9d6c27f2719ac5') in 0.018231 seconds
  Import took 0.023967 seconds .

========================================================================
Received Prepare
Registering precompiled user dll's ...
Registered in 0.003533 seconds.
Begin MonoManager ReloadAssembly
Symbol file LoadedFromMemory is not a mono symbol file
Native extension for Lumin target not found
Native extension for LinuxStandalone target not found
Native extension for WindowsStandalone target not found
Native extension for OSXStandalone target not found
Native extension for WebGL target not found
Refreshing native plugins compatible for Editor in 0.80 ms, found 2 plugins.
Preloading 1 native plugins for Editor in 0.45 ms.
Invoked RoslynAnalysisRunner static constructor.
RoslynAnalysisRunner will not be running.
RoslynAnalysisRunner has terminated.
Error when attempting to update scene info fields. Scene info data may be stale.
UnityEngine.StackTraceUtility:ExtractStackTrace () (at /Users/bokken/buildslave/unity/build/Runtime/Export/Scripting/StackTrace.cs:37)
UnityEngine.DebugLogHandler:LogFormat (UnityEngine.LogType,UnityEngine.Object,string,object[])
UnityEngine.Logger:Log (UnityEngine.LogType,object)
UnityEngine.Debug:LogWarning (object)
Microsoft.MixedReality.Toolkit.Editor.SceneInfoUtils:RefreshSceneInfoFieldsInScriptableObjects () (at Library/PackageCache/com.microsoft.mixedreality.toolkit.foundation@2.5.1/Core/Inspectors/PropertyDrawers/SceneInfoUtils.cs:313)
Microsoft.MixedReality.Toolkit.Editor.SceneInfoUtils:InitializeOnLoad () (at Library/PackageCache/com.microsoft.mixedreality.toolkit.foundation@2.5.1/Core/Inspectors/PropertyDrawers/SceneInfoUtils.cs:231)

(Filename: Library/PackageCache/com.microsoft.mixedreality.toolkit.foundation@2.5.1/Core/Inspectors/PropertyDrawers/SceneInfoUtils.cs Line: 313)

Mono: successfully reloaded assembly
- Completed reload, in  1.241 seconds
Platform modules already initialized, skipping
Refreshing native plugins compatible for Editor in 0.97 ms, found 2 plugins.
Preloading 1 native plugins for Editor in 0.45 ms.
Unloading 3096 Unused Serialized files (Serialized files now loaded: 0)
System memory in use before: 256.7 MB.
System memory in use after: 255.8 MB.

Unloading 71 unused Assets to reduce memory usage. Loaded Objects now: 3624.
Total: 2.824397 ms (FindLiveObjects: 0.301784 ms CreateObjectMapping: 0.134228 ms MarkObjects: 1.685431 ms  DeleteObjects: 0.702075 ms)

========================================================================
Received Import Request.
  Time since last request: 132.441309 seconds.
  path: Assets/Resources/Network Player.prefab
  artifactKey: Guid(cf047529f4a5641f7b67a172eedb09b9) Importer(815301076,1909f56bfc062723c751e8b465ee728b)
Start importing Assets/Resources/Network Player.prefab using Guid(cf047529f4a5641f7b67a172eedb09b9) Importer(815301076,1909f56bfc062723c751e8b465ee728b)  -> (artifact id: '4a99a0b3fde1d79fa9e672840440fa07') in 0.063591 seconds
  Import took 0.069368 seconds .

========================================================================
Received Prepare
Registering precompiled user dll's ...
Registered in 0.003633 seconds.
Begin MonoManager ReloadAssembly
Symbol file LoadedFromMemory is not a mono symbol file
Native extension for Lumin target not found
Native extension for LinuxStandalone target not found
Native extension for WindowsStandalone target not found
Native extension for OSXStandalone target not found
Native extension for WebGL target not found
Refreshing native plugins compatible for Editor in 0.82 ms, found 2 plugins.
Preloading 1 native plugins for Editor in 0.46 ms.
Invoked RoslynAnalysisRunner static constructor.
RoslynAnalysisRunner will not be running.
RoslynAnalysisRunner has terminated.
Error when attempting to update scene info fields. Scene info data may be stale.
UnityEngine.StackTraceUtility:ExtractStackTrace () (at /Users/bokken/buildslave/unity/build/Runtime/Export/Scripting/StackTrace.cs:37)
UnityEngine.DebugLogHandler:LogFormat (UnityEngine.LogType,UnityEngine.Object,string,object[])
UnityEngine.Logger:Log (UnityEngine.LogType,object)
UnityEngine.Debug:LogWarning (object)
Microsoft.MixedReality.Toolkit.Editor.SceneInfoUtils:RefreshSceneInfoFieldsInScriptableObjects () (at Library/PackageCache/com.microsoft.mixedreality.toolkit.foundation@2.5.1/Core/Inspectors/PropertyDrawers/SceneInfoUtils.cs:313)
Microsoft.MixedReality.Toolkit.Editor.SceneInfoUtils:InitializeOnLoad () (at Library/PackageCache/com.microsoft.mixedreality.toolkit.foundation@2.5.1/Core/Inspectors/PropertyDrawers/SceneInfoUtils.cs:231)

(Filename: Library/PackageCache/com.microsoft.mixedreality.toolkit.foundation@2.5.1/Core/Inspectors/PropertyDrawers/SceneInfoUtils.cs Line: 313)

Mono: successfully reloaded assembly
- Completed reload, in  1.236 seconds
Platform modules already initialized, skipping
Refreshing native plugins compatible for Editor in 0.80 ms, found 2 plugins.
Preloading 1 native plugins for Editor in 0.43 ms.
Unloading 3096 Unused Serialized files (Serialized files now loaded: 0)
System memory in use before: 257.0 MB.
System memory in use after: 256.1 MB.

Unloading 71 unused Assets to reduce memory usage. Loaded Objects now: 3628.
Total: 2.864276 ms (FindLiveObjects: 0.329509 ms CreateObjectMapping: 0.146280 ms MarkObjects: 1.592093 ms  DeleteObjects: 0.794385 ms)

========================================================================
Received Prepare
Refreshing native plugins compatible for Editor in 7.95 ms, found 2 plugins.
Preloading 1 native plugins for Editor in 0.47 ms.
Unloading 30 Unused Serialized files (Serialized files now loaded: 0)
System memory in use before: 193.3 MB.
System memory in use after: 192.7 MB.

Unloading 30 unused Assets to reduce memory usage. Loaded Objects now: 3628.
Total: 3.992556 ms (FindLiveObjects: 0.387660 ms CreateObjectMapping: 0.193503 ms MarkObjects: 2.422494 ms  DeleteObjects: 0.987409 ms)

========================================================================
Received Import Request.
  Time since last request: 2428.579682 seconds.
  path: Assets/Resources/Network Player.prefab
  artifactKey: Guid(cf047529f4a5641f7b67a172eedb09b9) Importer(815301076,1909f56bfc062723c751e8b465ee728b)
Start importing Assets/Resources/Network Player.prefab using Guid(cf047529f4a5641f7b67a172eedb09b9) Importer(815301076,1909f56bfc062723c751e8b465ee728b)  -> (artifact id: 'bb85b856f6351c01d4f959c571f312f8') in 0.072926 seconds
  Import took 0.084269 seconds .

========================================================================
Received Prepare
Refreshing native plugins compatible for Editor in 13.17 ms, found 2 plugins.
Preloading 1 native plugins for Editor in 0.72 ms.
Unloading 30 Unused Serialized files (Serialized files now loaded: 0)
System memory in use before: 192.7 MB.
System memory in use after: 192.1 MB.

Unloading 31 unused Assets to reduce memory usage. Loaded Objects now: 3629.
Total: 9.265331 ms (FindLiveObjects: 0.383767 ms CreateObjectMapping: 0.172674 ms MarkObjects: 7.956564 ms  DeleteObjects: 0.750834 ms)

========================================================================
Received Prepare
Registering precompiled user dll's ...
Registered in 0.006841 seconds.
Begin MonoManager ReloadAssembly
Symbol file LoadedFromMemory is not a mono symbol file
Native extension for Lumin target not found
Native extension for LinuxStandalone target not found
Native extension for WindowsStandalone target not found
Native extension for OSXStandalone target not found
Native extension for WebGL target not found
Refreshing native plugins compatible for Editor in 0.83 ms, found 2 plugins.
Preloading 1 native plugins for Editor in 0.43 ms.
Invoked RoslynAnalysisRunner static constructor.
RoslynAnalysisRunner will not be running.
RoslynAnalysisRunner has terminated.
Error when attempting to update scene info fields. Scene info data may be stale.
UnityEngine.StackTraceUtility:ExtractStackTrace () (at /Users/bokken/buildslave/unity/build/Runtime/Export/Scripting/StackTrace.cs:37)
UnityEngine.DebugLogHandler:LogFormat (UnityEngine.LogType,UnityEngine.Object,string,object[])
UnityEngine.Logger:Log (UnityEngine.LogType,object)
UnityEngine.Debug:LogWarning (object)
Microsoft.MixedReality.Toolkit.Editor.SceneInfoUtils:RefreshSceneInfoFieldsInScriptableObjects () (at Library/PackageCache/com.microsoft.mixedreality.toolkit.foundation@2.5.1/Core/Inspectors/PropertyDrawers/SceneInfoUtils.cs:313)
Microsoft.MixedReality.Toolkit.Editor.SceneInfoUtils:InitializeOnLoad () (at Library/PackageCache/com.microsoft.mixedreality.toolkit.foundation@2.5.1/Core/Inspectors/PropertyDrawers/SceneInfoUtils.cs:231)

(Filename: Library/PackageCache/com.microsoft.mixedreality.toolkit.foundation@2.5.1/Core/Inspectors/PropertyDrawers/SceneInfoUtils.cs Line: 313)

Mono: successfully reloaded assembly
- Completed reload, in  1.309 seconds
Platform modules already initialized, skipping
Refreshing native plugins compatible for Editor in 0.84 ms, found 2 plugins.
Preloading 1 native plugins for Editor in 0.46 ms.
Unloading 3100 Unused Serialized files (Serialized files now loaded: 0)
System memory in use before: 257.4 MB.
System memory in use after: 256.5 MB.

Unloading 70 unused Assets to reduce memory usage. Loaded Objects now: 3632.
Total: 2.788378 ms (FindLiveObjects: 0.342854 ms CreateObjectMapping: 0.150227 ms MarkObjects: 1.557235 ms  DeleteObjects: 0.736988 ms)

========================================================================
Received Prepare
Refreshing native plugins compatible for Editor in 3.92 ms, found 2 plugins.
Preloading 1 native plugins for Editor in 0.43 ms.
Unloading 33 Unused Serialized files (Serialized files now loaded: 0)
System memory in use before: 189.0 MB.
System memory in use after: 188.4 MB.

Unloading 30 unused Assets to reduce memory usage. Loaded Objects now: 3632.
Total: 2.789199 ms (FindLiveObjects: 0.322878 ms CreateObjectMapping: 0.143062 ms MarkObjects: 1.623046 ms  DeleteObjects: 0.698807 ms)

========================================================================
Received Prepare
Refreshing native plugins compatible for Editor in 6.96 ms, found 2 plugins.
Preloading 1 native plugins for Editor in 0.57 ms.
Unloading 30 Unused Serialized files (Serialized files now loaded: 0)
System memory in use before: 188.4 MB.
System memory in use after: 187.8 MB.

Unloading 30 unused Assets to reduce memory usage. Loaded Objects now: 3632.
Total: 3.749735 ms (FindLiveObjects: 0.530900 ms CreateObjectMapping: 0.234772 ms MarkObjects: 2.131158 ms  DeleteObjects: 0.850836 ms)

